app/build/intermediates/manifest_merge_blame_file/debug/manifest-merger-blame-debug-report.txt
1<?xml version="1.0" encoding="utf-8"?>
2<manifest xmlns:android="http://schemas.android.com/apk/res/android"
3    package="com.alipay.sdk.pay.demo"
4    android:versionCode="1"
5    android:versionName="1.0" >
6
7    <uses-sdk
8        android:minSdkVersion="19"
8-->src\main\AndroidManifest.xml
9        android:targetSdkVersion="33" />
9-->src\main\AndroidManifest.xml
10
11    <uses-permission android:name="android.permission.INTERNET" />
11-->src\main\AndroidManifest.xml:8:5-67
11-->src\main\AndroidManifest.xml:8:22-64
12    <uses-permission android:name="android.permission.ACCESS_NETWORK_STATE" />
12-->src\main\AndroidManifest.xml:9:5-79
12-->src\main\AndroidManifest.xml:9:22-76
13    <uses-permission android:name="android.permission.ACCESS_WIFI_STATE" />
13-->src\main\AndroidManifest.xml:10:5-76
13-->src\main\AndroidManifest.xml:10:22-73
14
15    <!--
16         如果您的 App 的 targetSdkVersion 大于或等于 30，则需要在 AndroidManifest.xml 中提供下面的应用可见性声明，
17         让支付宝 SDK 感知设备上是否已经安装了支付宝 App。同时，您可能还需要升级 Gradle Plugin 到最新版本。
18         关于 Android 11 的 "应用可见性" 机制，参见 https://developer.android.com/about/versions/11/privacy/package-visibility?hl=zh-cn
19    -->
20    <queries>
20-->src\main\AndroidManifest.xml:15:5-18:15
21        <package android:name="com.eg.android.AlipayGphone" /> <!-- 支付宝 -->
21-->src\main\AndroidManifest.xml:16:9-63
21-->src\main\AndroidManifest.xml:16:18-60
22        <package android:name="hk.alipay.wallet" /> <!-- AlipayHK -->
22-->src\main\AndroidManifest.xml:17:9-52
22-->src\main\AndroidManifest.xml:17:18-49
23        <intent> <!-- H5 支持手淘登录 -->
23-->[com.alipay.sdk:alipaysdk-android:15.8.11] AndroidManifest.xml:10:9-14:18
24            <action android:name="*" />
24-->[com.alipay.sdk:alipaysdk-android:15.8.11] AndroidManifest.xml:11:13-40
24-->[com.alipay.sdk:alipaysdk-android:15.8.11] AndroidManifest.xml:11:21-37
25
26            <data android:scheme="tbopen" />
26-->[com.alipay.sdk:alipaysdk-android:15.8.11] AndroidManifest.xml:13:13-45
26-->[com.alipay.sdk:alipaysdk-android:15.8.11] AndroidManifest.xml:13:19-42
27        </intent> <!-- 支付宝 app -->
28        <package android:name="com.eg.android.AlipayGphoneRC" />
28-->[com.alipay.sdk:alipaysdk-android:15.8.11] AndroidManifest.xml:17:9-65
28-->[com.alipay.sdk:alipaysdk-android:15.8.11] AndroidManifest.xml:17:18-62
29    </queries>
30
31    <supports-screens
31-->src\main\AndroidManifest.xml:20:5-25:39
32        android:anyDensity="true"
32-->src\main\AndroidManifest.xml:21:9-34
33        android:largeScreens="true"
33-->src\main\AndroidManifest.xml:22:9-36
34        android:normalScreens="true"
34-->src\main\AndroidManifest.xml:23:9-37
35        android:resizeable="true"
35-->src\main\AndroidManifest.xml:24:9-34
36        android:smallScreens="true" />
36-->src\main\AndroidManifest.xml:25:9-36
37
38    <application
38-->src\main\AndroidManifest.xml:27:5-59:19
39        android:allowBackup="true"
39-->src\main\AndroidManifest.xml:28:9-35
40        android:appComponentFactory="androidx.core.app.CoreComponentFactory"
40-->[androidx.core:core:1.3.0] AndroidManifest.xml:24:18-86
41        android:debuggable="true"
42        android:label="@string/app_name"
42-->src\main\AndroidManifest.xml:30:9-41
43        android:networkSecurityConfig="@xml/network_security_config"
43-->src\main\AndroidManifest.xml:29:9-69
44        android:testOnly="true"
45        android:theme="@style/AppTheme" >
45-->src\main\AndroidManifest.xml:31:9-40
46        <meta-data
46-->src\main\AndroidManifest.xml:33:9-35:72
47            android:name="org.autojs.plugin.sdk.registry"
47-->src\main\AndroidManifest.xml:34:13-58
48            android:value="com.alipay.sdk.pay.demo.MyPluginRegistry" />
48-->src\main\AndroidManifest.xml:35:13-69
49
50        <activity
50-->src\main\AndroidManifest.xml:37:9-46:20
51            android:name="com.alipay.sdk.pay.demo.PayDemoActivity"
51-->src\main\AndroidManifest.xml:38:13-67
52            android:icon="@drawable/msp_icon"
52-->src\main\AndroidManifest.xml:39:13-46
53            android:label="@string/app_name" >
53-->src\main\AndroidManifest.xml:40:13-45
54            <intent-filter>
54-->src\main\AndroidManifest.xml:41:13-45:29
55                <action android:name="android.intent.action.MAIN" />
55-->src\main\AndroidManifest.xml:42:17-69
55-->src\main\AndroidManifest.xml:42:25-66
56
57                <category android:name="android.intent.category.LAUNCHER" />
57-->src\main\AndroidManifest.xml:44:17-77
57-->src\main\AndroidManifest.xml:44:27-74
58            </intent-filter>
59        </activity>
60        <activity
60-->src\main\AndroidManifest.xml:47:9-52:20
61            android:name="com.alipay.sdk.pay.demo.H5PayDemoActivity"
61-->src\main\AndroidManifest.xml:48:13-69
62            android:configChanges="orientation|keyboardHidden|navigation"
62-->src\main\AndroidManifest.xml:49:13-74
63            android:exported="false"
63-->src\main\AndroidManifest.xml:50:13-37
64            android:screenOrientation="behind" >
64-->src\main\AndroidManifest.xml:51:13-47
65        </activity>
66        <activity
66-->src\main\AndroidManifest.xml:53:9-58:20
67            android:name="com.alipay.sdk.pay.demo.HelloWorldActivity"
67-->src\main\AndroidManifest.xml:54:13-70
68            android:configChanges="orientation|keyboardHidden|navigation"
68-->src\main\AndroidManifest.xml:55:13-74
69            android:exported="true"
69-->src\main\AndroidManifest.xml:56:13-36
70            android:screenOrientation="behind" >
70-->src\main\AndroidManifest.xml:57:13-47
71        </activity>
72
73        <uses-library
73-->[com.alipay.sdk:alipaysdk-android:15.8.11] AndroidManifest.xml:33:9-35:40
74            android:name="org.apache.http.legacy"
74-->[com.alipay.sdk:alipaysdk-android:15.8.11] AndroidManifest.xml:34:13-50
75            android:required="false" />
75-->[com.alipay.sdk:alipaysdk-android:15.8.11] AndroidManifest.xml:35:13-37
76
77        <activity
77-->[com.alipay.sdk:alipaysdk-android:15.8.11] AndroidManifest.xml:37:9-42:20
78            android:name="com.alipay.sdk.app.H5PayActivity"
78-->[com.alipay.sdk:alipaysdk-android:15.8.11] AndroidManifest.xml:38:13-60
79            android:configChanges="orientation|keyboardHidden|navigation|screenSize|locale|keyboard|screenLayout|density|fontScale|layoutDirection|smallestScreenSize"
79-->[com.alipay.sdk:alipaysdk-android:15.8.11] AndroidManifest.xml:39:13-167
80            android:exported="false"
80-->[com.alipay.sdk:alipaysdk-android:15.8.11] AndroidManifest.xml:40:13-37
81            android:theme="@android:style/Theme.NoTitleBar" >
81-->[com.alipay.sdk:alipaysdk-android:15.8.11] AndroidManifest.xml:41:13-60
82        </activity>
83        <activity
83-->[com.alipay.sdk:alipaysdk-android:15.8.11] AndroidManifest.xml:43:9-48:20
84            android:name="com.alipay.sdk.app.H5AuthActivity"
84-->[com.alipay.sdk:alipaysdk-android:15.8.11] AndroidManifest.xml:44:13-61
85            android:configChanges="orientation|keyboardHidden|navigation|screenSize|locale|keyboard|screenLayout|density|fontScale|layoutDirection|smallestScreenSize"
85-->[com.alipay.sdk:alipaysdk-android:15.8.11] AndroidManifest.xml:45:13-167
86            android:exported="false"
86-->[com.alipay.sdk:alipaysdk-android:15.8.11] AndroidManifest.xml:46:13-37
87            android:theme="@android:style/Theme.NoTitleBar" >
87-->[com.alipay.sdk:alipaysdk-android:15.8.11] AndroidManifest.xml:47:13-60
88        </activity>
89        <activity
89-->[com.alipay.sdk:alipaysdk-android:15.8.11] AndroidManifest.xml:49:9-55:20
90            android:name="com.alipay.sdk.app.PayResultActivity"
90-->[com.alipay.sdk:alipaysdk-android:15.8.11] AndroidManifest.xml:50:13-64
91            android:configChanges="orientation|keyboardHidden|navigation|screenSize|locale|keyboard|screenLayout|density|fontScale|layoutDirection|smallestScreenSize"
91-->[com.alipay.sdk:alipaysdk-android:15.8.11] AndroidManifest.xml:51:13-167
92            android:exported="true"
92-->[com.alipay.sdk:alipaysdk-android:15.8.11] AndroidManifest.xml:52:13-36
93            android:launchMode="singleInstance"
93-->[com.alipay.sdk:alipaysdk-android:15.8.11] AndroidManifest.xml:53:13-48
94            android:theme="@android:style/Theme.Translucent.NoTitleBar" >
94-->[com.alipay.sdk:alipaysdk-android:15.8.11] AndroidManifest.xml:54:13-72
95        </activity>
96        <activity
96-->[com.alipay.sdk:alipaysdk-android:15.8.11] AndroidManifest.xml:56:9-62:20
97            android:name="com.alipay.sdk.app.AlipayResultActivity"
97-->[com.alipay.sdk:alipaysdk-android:15.8.11] AndroidManifest.xml:57:13-67
98            android:configChanges="orientation|keyboardHidden|navigation|screenSize|locale|keyboard|screenLayout|density|fontScale|layoutDirection|smallestScreenSize"
98-->[com.alipay.sdk:alipaysdk-android:15.8.11] AndroidManifest.xml:58:13-167
99            android:exported="true"
99-->[com.alipay.sdk:alipaysdk-android:15.8.11] AndroidManifest.xml:59:13-36
100            android:launchMode="singleTask"
100-->[com.alipay.sdk:alipaysdk-android:15.8.11] AndroidManifest.xml:60:13-44
101            android:theme="@android:style/Theme.Translucent.NoTitleBar" >
101-->[com.alipay.sdk:alipaysdk-android:15.8.11] AndroidManifest.xml:61:13-72
102        </activity>
103        <activity
103-->[com.alipay.sdk:alipaysdk-android:15.8.11] AndroidManifest.xml:63:9-69:20
104            android:name="com.alipay.sdk.app.H5OpenAuthActivity"
104-->[com.alipay.sdk:alipaysdk-android:15.8.11] AndroidManifest.xml:64:13-65
105            android:configChanges="orientation|keyboardHidden|navigation|screenSize|locale|keyboard|screenLayout|density|fontScale|layoutDirection|smallestScreenSize"
105-->[com.alipay.sdk:alipaysdk-android:15.8.11] AndroidManifest.xml:65:13-167
106            android:exported="false"
106-->[com.alipay.sdk:alipaysdk-android:15.8.11] AndroidManifest.xml:66:13-37
107            android:screenOrientation="behind"
107-->[com.alipay.sdk:alipaysdk-android:15.8.11] AndroidManifest.xml:67:13-47
108            android:windowSoftInputMode="adjustResize|stateHidden" >
108-->[com.alipay.sdk:alipaysdk-android:15.8.11] AndroidManifest.xml:68:13-67
109        </activity>
110        <activity
110-->[com.alipay.sdk:alipaysdk-android:15.8.11] AndroidManifest.xml:70:9-75:20
111            android:name="com.alipay.sdk.app.APayEntranceActivity"
111-->[com.alipay.sdk:alipaysdk-android:15.8.11] AndroidManifest.xml:71:13-67
112            android:configChanges="orientation|keyboardHidden|navigation|screenSize|locale|keyboard|screenLayout|density|fontScale|layoutDirection|smallestScreenSize"
112-->[com.alipay.sdk:alipaysdk-android:15.8.11] AndroidManifest.xml:72:13-167
113            android:exported="false"
113-->[com.alipay.sdk:alipaysdk-android:15.8.11] AndroidManifest.xml:73:13-37
114            android:theme="@android:style/Theme.Translucent.NoTitleBar" >
114-->[com.alipay.sdk:alipaysdk-android:15.8.11] AndroidManifest.xml:74:13-72
115        </activity>
116    </application>
117
118</manifest>